0 verbose cli /usr/bin/node /usr/bin/npm
1 info using npm@9.2.0
2 info using node@v18.19.0
3 timing npm:load:whichnode Completed in 1ms
4 timing config:load:defaults Completed in 6ms
5 timing config:load:file:/usr/share/nodejs/npm/npmrc Completed in 11ms
6 timing config:load:builtin Completed in 11ms
7 timing config:load:cli Completed in 4ms
8 timing config:load:env Completed in 1ms
9 timing config:load:file:/home/robertddan/250214-vm/.npmrc Completed in 8ms
10 timing config:load:project Completed in 12ms
11 timing config:load:file:/home/robertddan/.npmrc Completed in 0ms
12 timing config:load:user Completed in 1ms
13 timing config:load:file:/etc/npmrc Completed in 0ms
14 timing config:load:global Completed in 4ms
15 timing config:load:setEnvs Completed in 4ms
16 timing config:load Completed in 44ms
17 timing npm:load:configload Completed in 44ms
18 timing npm:load:mkdirpcache Completed in 1ms
19 timing npm:load:mkdirplogs Completed in 1ms
20 verbose title npm uninstall npm
21 verbose argv "uninstall" "npm"
22 timing npm:load:setTitle Completed in 2ms
23 timing config:load:flatten Completed in 8ms
24 timing npm:load:display Completed in 11ms
25 verbose logfile logs-max:10 dir:/home/robertddan/.npm/_logs/2025-02-17T15_12_00_377Z-
26 verbose logfile /home/robertddan/.npm/_logs/2025-02-17T15_12_00_377Z-debug-0.log
27 timing npm:load:logFile Completed in 25ms
28 timing npm:load:timers Completed in 0ms
29 timing npm:load:configScope Completed in 0ms
30 timing npm:load Completed in 87ms
31 silly logfile start cleaning logs, removing 1 files
32 timing config:load:flatten Completed in 1ms
33 timing arborist:ctor Completed in 3ms
34 silly logfile done cleaning log files
35 timing idealTree:init Completed in 61ms
36 timing idealTree:userRequests Completed in 2ms
37 silly idealTree buildDeps
38 timing idealTree:#root Completed in 1ms
39 timing idealTree:buildDeps Completed in 3ms
40 timing idealTree:fixDepFlags Completed in 1ms
41 timing idealTree Completed in 72ms
42 timing arborist:ctor Completed in 0ms
43 timing reify:loadTrees Completed in 117ms
44 timing reify:diffTrees Completed in 9ms
45 silly reify moves {}
46 timing reify:retireShallow Completed in 3ms
47 timing reify:createSparse Completed in 0ms
48 timing reify:loadBundles Completed in 0ms
49 silly audit bulk request {
49 silly audit   'command-exists': [ '1.2.9' ],
49 silly audit   commander: [ '8.3.0' ],
49 silly audit   'follow-redirects': [ '1.15.9' ],
49 silly audit   'js-sha3': [ '0.8.0' ],
49 silly audit   memorystream: [ '0.3.1' ],
49 silly audit   'os-tmpdir': [ '1.0.2' ],
49 silly audit   semver: [ '5.7.2' ],
49 silly audit   solc: [ '0.8.28' ],
49 silly audit   tmp: [ '0.0.33' ]
49 silly audit }
50 timing reify:unpack Completed in 9ms
51 timing reify:unretire Completed in 0ms
52 timing build:queue Completed in 0ms
53 timing build:deps Completed in 1ms
54 timing build Completed in 1ms
55 timing reify:build Completed in 2ms
56 timing reify:trash Completed in 0ms
57 timing reify:save Completed in 35ms
58 http fetch POST 200 https://registry.npmjs.org/-/npm/v1/security/advisories/bulk 332ms
59 timing auditReport:getReport Completed in 339ms
60 silly audit report {}
61 timing auditReport:init Completed in 0ms
62 timing reify:audit Completed in 341ms
63 timing reify Completed in 482ms
64 timing command:uninstall Completed in 508ms
65 verbose exit 0
66 timing npm Completed in 664ms
67 info ok
